C51 COMPILER V9.55   MAIN                                                                  05/15/2025 16:36:23 PAGE 1   


C51 COMPILER V9.55, COMPILATION OF MODULE MAIN
OBJECT MODULE PLACED IN main.OBJ
COMPILER INVOKED BY: C:\Keil_v5\C51\BIN\C51.EXE main.c LARGE OPTIMIZE(8,SPEED) BROWSE INCDIR(..\user;..\lib) DEBUG OBJEC
                    -TEXTEND

line level    source

   1          #include <stc15.h>
   2          #include "dataType.h"
   3          
   4          /* 数码管段码，共阳极 */
   5          unsigned char code SEG_TAB[10] = {0xC0, 0xF9, 0xA4, 0xB0, 0x99, 0x92, 0x82, 0xF8, 0x80, 0x90};
   6          
   7          unsigned char DigitBuffer[4];
   8          unsigned char pos = 0;
   9          
  10          unsigned int adcAvg = 0;
  11          unsigned int adcSum = 0;
  12          unsigned int mv;
  13          unsigned char adcCount = 0;
  14          
  15          bit adc_ready = 0;
  16          
  17          extern unsigned int adcRes[2];  // 从 adc 模块获取 adcRes[1]（P1.1）
  18          extern void adc_init();
  19          
  20          
  21          // ================= 显示函数 =================
  22          void DisplayDigits()
  23          {
  24   1              // 关闭所有位选
  25   1          P41 = 1; 
  26   1              P42 = 1; 
  27   1              P43 = 1; 
  28   1              P44 = 1;  
  29   1      
  30   1          P0 = SEG_TAB[DigitBuffer[pos]];     // 段码输出
  31   1      
  32   1          switch(pos)
  33   1          {
  34   2              case 0: P41 = 0; break;
  35   2              case 1: P42 = 0; break;
  36   2              case 2: P43 = 0; break;
  37   2              case 3: P44 = 0; break;
  38   2          }
  39   1      
  40   1          pos++;
  41   1          if (pos >= 4) pos = 0;
  42   1      }
  43          
  44          // ================ 定时器初始化 ================
  45          void timer0_init()   //5毫秒@11.0592MHz
  46          
  47          {
  48   1          AUXR &= 0x7F;    // 12T模式
  49   1          TMOD &= 0xF0;    // 清除T0控制位
  50   1          TL0 = 0x00;
  51   1          TH0 = 0xEE;
  52   1          TF0 = 0;
  53   1          TR0 = 1;         // 启动T0
  54   1          ET0 = 1;         // 允许T0中断
C51 COMPILER V9.55   MAIN                                                                  05/15/2025 16:36:23 PAGE 2   

  55   1      }
  56          
  57          // ================ 定时器中断（5ms） ================
  58          void timer0_inter_handler(void) interrupt 1
  59          {
  60   1          static unsigned char tick = 0;
  61   1      
  62   1          tick++;
  63   1          if (tick >= 13) // ≈ 65ms ≈ 每秒16次
  64   1          {
  65   2              tick = 0;
  66   2      
  67   2              // 每65ms一次采样（16次后处理）
  68   2              adcSum += adcRes[1];  // 通道1 -> P1.1
  69   2              adcCount++;
  70   2      
  71   2              if (adcCount >= 16)
  72   2              {
  73   3                  adcAvg = adcSum / 16;
  74   3                  adcSum = 0;
  75   3                  adcCount = 0;
  76   3                  adc_ready = 1;
  77   3              }
  78   2          }
  79   1      
  80   1          DisplayDigits();  // 数码管刷新
  81   1      }
  82          
  83          void main()
  84          {
  85   1          P2M0 = 0xFF; P2M1 = 0x00;
  86   1          P4M0 = 0xFF; P4M1 = 0x00;
  87   1          P0M0 = 0xFF; P0M1 = 0x00;
  88   1      
  89   1          P41 = 0;
  90   1              P42 = 0;
  91   1              P43 = 0;
  92   1              P44 = 0;
  93   1      
  94   1          adc_init();     // 初始化ADC模块
  95   1          timer0_init();  // 初始化定时器
  96   1      
  97   1          EA = 1;         // 开启总中断
  98   1      
  99   1          while (1)
 100   1          {
 101   2              if (adc_ready)
 102   2              {
 103   3                  adc_ready = 0;
 104   3      
 105   3                  // 假设参考电压为5V，ADC最大1023
 106   3                  mv = (adcAvg * 5000UL) / 1023;
 107   3      
 108   3                  DigitBuffer[0] = mv / 1000 % 10;
 109   3                  DigitBuffer[1] = mv / 100 % 10;
 110   3                  DigitBuffer[2] = mv / 10 % 10;
 111   3                  DigitBuffer[3] = mv % 10;
 112   3              }
 113   2          }
 114   1      }


C51 COMPILER V9.55   MAIN                                                                  05/15/2025 16:36:23 PAGE 3   

MODULE INFORMATION:   STATIC OVERLAYABLE
   CODE SIZE        =    375    ----
   CONSTANT SIZE    =     10    ----
   XDATA SIZE       =     13    ----
   PDATA SIZE       =   ----    ----
   DATA SIZE        =   ----    ----
   IDATA SIZE       =   ----    ----
   BIT SIZE         =      1    ----
END OF MODULE INFORMATION.


C51 COMPILATION COMPLETE.  0 WARNING(S),  0 ERROR(S)
