C51 COMPILER V9.55   MAIN                                                                  06/20/2025 03:12:42 PAGE 1   


C51 COMPILER V9.55, COMPILATION OF MODULE MAIN
OBJECT MODULE PLACED IN main.OBJ
COMPILER INVOKED BY: C:\Keil_v5\C51\BIN\C51.EXE main.c LARGE OPTIMIZE(8,SPEED) BROWSE DEBUG OBJECTEXTEND PRINT(.\Listing
                    -s\main.lst)

line level    source

   1          #include <stc15.h>              //STCƬͷļ
   2          #include <intrins.h>    //ںnopָʱ
   3          #include <absacc.h>             //Եַ
   4          
   5          #include "dataType.h"   //#include <>ֻϵͳָļͷļϵͳͷļһ#include <>
   6                                                          //#include ""ڵǰļͷļҲٵϵͳָļûԶͷļ
             -#include ""
   7          
   8          //ƶͷļУȻҼѡ"Open document <xxx.h>"ɴ򿪸ͷļ
   9          //ͷļ򿪺󣬽ͷƶͷļѡҼѡ"Open Containing Folder"ɶλͷļ
             -ļ
  10          //ע׳룬Edit---Configuration---General Editor SettingsEncoding---Chinese G
             -B2312 (Simplified)
  11          
  12          #define Tx_Array_Size   32
  13          #define Rx_Array_Size   32
  14          
  15          u8 Tx_Buffer[Tx_Array_Size];
  16          u8 Tx_Ptr,Tx_Tail,Rx_Ptr;
  17          
  18          extern void timer0_init(void);  //20@11.0592MHz
  19          
  20          
  21          void main()//
  22          {
  23   1      
  24   1              P2M0 = 0xff;  //ģʽ
  25   1              P2M1 = 0x00;  //ģʽ
  26   1          timer0_init();
  27   1              EA=1;
  28   1              while(1);
  29   1      
  30   1      }


MODULE INFORMATION:   STATIC OVERLAYABLE
   CODE SIZE        =     13    ----
   CONSTANT SIZE    =   ----    ----
   XDATA SIZE       =     35    ----
   PDATA SIZE       =   ----    ----
   DATA SIZE        =   ----    ----
   IDATA SIZE       =   ----    ----
   BIT SIZE         =   ----    ----
END OF MODULE INFORMATION.


C51 COMPILATION COMPLETE.  0 WARNING(S),  0 ERROR(S)
