C51 COMPILER V9.55   TIMER                                                                 06/20/2025 03:12:42 PAGE 1   


C51 COMPILER V9.55, COMPILATION OF MODULE TIMER
OBJECT MODULE PLACED IN timer.OBJ
COMPILER INVOKED BY: C:\Keil_v5\C51\BIN\C51.EXE timer.c LARGE OPTIMIZE(8,SPEED) BROWSE DEBUG OBJECTEXTEND PRINT(.\Listin
                    -gs\timer.lst)

line level    source

   1          #include <stc15.h>        //STC单片机头文件
   2          #include "dataType.h"    //#include <>，只在系统指定文件夹搜索该头文件，系统头文件一般采用#include <>
   3          
   4          int flag=0;
   5          int time=0,cnt=0,dir=0;
   6          
   7          void timer0_init(void)        //100us @11.0592MHz
   8          {
   9   1          AUXR |= 0x80;            //定时器时钟1T模式
  10   1          TMOD &= 0xF0;            //设置定时器模式
  11   1          TL0 = 0xAE;                //设置定时初始值
  12   1          TH0 = 0xFB;                //设置定时初始值
  13   1          TF0 = 0;                //清除TF0标志
  14   1          TR0 = 1;                //定时器0开始计时
  15   1      
  16   1          ET0 = 1;                //允许定时器中断
  17   1      }
  18          
  19          
  20          void timer0_inter_handler(void) interrupt 1   //中断处理
  21          {
  22   1          cnt++;
  23   1          cnt%=100;
  24   1          
  25   1          if(time>=99)
  26   1          {
  27   2              time=0;
  28   2              cnt=0;
  29   2              dir=!dir;
  30   2          }
  31   1          
  32   1          if(dir==0)
  33   1          {
  34   2              if(cnt>time)    
  35   2                  P2=0xff;
  36   2              if(cnt<time)
  37   2                  P2=0;
  38   2              if(cnt>=99)
  39   2                  time++;
  40   2          }
  41   1          
  42   1          if(dir==1)
  43   1          {
  44   2              if(cnt>time)
  45   2                  P2=0;
  46   2              if(cnt<time)
  47   2                  P2=0xff;
  48   2              if(cnt>=99)
  49   2                  time++;
  50   2          }
  51   1      }


MODULE INFORMATION:   STATIC OVERLAYABLE
C51 COMPILER V9.55   TIMER                                                                 06/20/2025 03:12:42 PAGE 2   

   CODE SIZE        =    320    ----
   CONSTANT SIZE    =   ----    ----
   XDATA SIZE       =      8    ----
   PDATA SIZE       =   ----    ----
   DATA SIZE        =   ----    ----
   IDATA SIZE       =   ----    ----
   BIT SIZE         =   ----    ----
END OF MODULE INFORMATION.


C51 COMPILATION COMPLETE.  0 WARNING(S),  0 ERROR(S)
