C51 COMPILER V9.55   MAIN                                                                  05/15/2025 17:29:14 PAGE 1   


C51 COMPILER V9.55, COMPILATION OF MODULE MAIN
OBJECT MODULE PLACED IN main.OBJ
COMPILER INVOKED BY: C:\Keil_v5\C51\BIN\C51.EXE main.c LARGE OPTIMIZE(8,SPEED) BROWSE INCDIR(..\user;..\lib) DEBUG OBJEC
                    -TEXTEND

line level    source

   1          #include "stc15.h"
   2          
   3          /* 数码管段码，共阳极（低电平亮） */
   4          unsigned char xdata nums[10] = {0xC0, 0xF9, 0xA4, 0xB0, 0x99,
   5                                          0x92, 0x82, 0xF8, 0x80, 0x90};
   6          
   7          /* 显示缓冲区 */
   8          unsigned char DigitBuffer[4];
   9          unsigned char DigitReady = 1;
  10          
  11          unsigned char count_20ms = 0;
  12          unsigned char task_20ms = 0;
  13          
  14          unsigned char pos = 0;
  15          unsigned char now = 0;
  16          
  17          /* 按键处理 */
  18          bit key4_pressed = 0;
  19          
  20          /* 定时器0初始化 - 5ms */
  21          void timer0_init(void)
  22          {
  23   1          AUXR &= 0x7F;    // 12T模式
  24   1          TMOD &= 0xF0;    // 清除T0控制位
  25   1          TL0 = 0x00;      
  26   1          TH0 = 0xEE;      
  27   1          TF0 = 0;
  28   1          TR0 = 1;         // 启动T0
  29   1          ET0 = 1;         // 允许T0中断
  30   1      }
  31          
  32          /* 动态扫描显示 */
  33          void DisplayDigits()
  34          {
  35   1          // 关闭所有位选
  36   1          P41 = 1;
  37   1          P42 = 1;
  38   1          P43 = 1;
  39   1          P44 = 1;
  40   1      
  41   1          // 段选
  42   1          P0 = nums[DigitBuffer[pos]];
  43   1      
  44   1          // 位选
  45   1          switch(pos)
  46   1          {
  47   2              case 0: P41 = 0; break;
  48   2              case 1: P42 = 0; break;
  49   2              case 2: P43 = 0; break;
  50   2              case 3: P44 = 0; break;
  51   2          }
  52   1      
  53   1          pos++;
  54   1          if (pos >= 4) pos = 0;
C51 COMPILER V9.55   MAIN                                                                  05/15/2025 17:29:14 PAGE 2   

  55   1      }
  56          
  57          /* 定时器0中断函数 - 每5ms */
  58          void timer0_inter_handler(void) interrupt 1
  59          {
  60   1          count_20ms++;
  61   1          if (count_20ms >= 4) // 攒够了20ms任务
  62   1          {
  63   2              count_20ms = 0;
  64   2              task_20ms = 1;
  65   2          }
  66   1      
  67   1          // 数码管动态刷新（5ms扫描一次）
  68   1          if (DigitReady)
  69   1          {
  70   2              DisplayDigits();
  71   2          }
  72   1      }
  73          
  74          /* 主函数 */
  75          void main()
  76          {
  77   1          /* IO初始化 */
  78   1          P2M0 = 0xff; P2M1 = 0x00;
  79   1          P4M0 = 0xff; P4M1 = 0x00;
  80   1          P0M0 = 0xff; P0M1 = 0x00;
  81   1      
  82   1          /* 数码管控制IO默认全亮 */
  83   1          P41 = 0; 
  84   1              P42 = 0; 
  85   1              P43 = 0; 
  86   1              P44 = 0;
  87   1      
  88   1          timer0_init();  // 定时器初始化
  89   1          EA = 1;         // 开启总中断
  90   1      
  91   1          while (1)
  92   1          {
  93   2              if (task_20ms)
  94   2              {
  95   3                  task_20ms = 0;
  96   3      
  97   3                  // 检测K4是否按下
  98   3                  if ((P1 & 0x20) == 0) // P1.5为K4，低电平为按下
  99   3                  {
 100   4                      if (!key4_pressed)
 101   4                      {
 102   5                          key4_pressed = 1;
 103   5                      }
 104   4                  }
 105   3                  else // 松手
 106   3                  {
 107   4                      if (key4_pressed)
 108   4                      {
 109   5                          key4_pressed = 0;
 110   5                          now++;
 111   5                          if (now > 15) now = 0;
 112   5                      }
 113   4                  }
 114   3      
 115   3                  // 更新数码管显示
 116   3                  DigitBuffer[0] = now / 1000 % 10;
C51 COMPILER V9.55   MAIN                                                                  05/15/2025 17:29:14 PAGE 3   

 117   3                  DigitBuffer[1] = now / 100 % 10;
 118   3                  DigitBuffer[2] = now / 10 % 10;
 119   3                  DigitBuffer[3] = now % 10;
 120   3              }
 121   2          }
 122   1      }


MODULE INFORMATION:   STATIC OVERLAYABLE
   CODE SIZE        =    287    ----
   CONSTANT SIZE    =   ----    ----
   XDATA SIZE       =     19    ----
   PDATA SIZE       =   ----    ----
   DATA SIZE        =   ----    ----
   IDATA SIZE       =   ----    ----
   BIT SIZE         =      1    ----
END OF MODULE INFORMATION.


C51 COMPILATION COMPLETE.  0 WARNING(S),  0 ERROR(S)
