C51 COMPILER V9.55   TIMER                                                                 05/15/2025 10:18:48 PAGE 1   


C51 COMPILER V9.55, COMPILATION OF MODULE TIMER
OBJECT MODULE PLACED IN timer.OBJ
COMPILER INVOKED BY: C:\Keil_v5\C51\BIN\C51.EXE timer.c LARGE OPTIMIZE(8,SPEED) BROWSE DEBUG OBJECTEXTEND PRINT(.\Listin
                    -gs\timer.lst)

line level    source

   1          #include <stc15.h>              //STC单片机头文件
   2          #include "dataType.h"   //#include <>，只在系统指定文件夹搜索该头文件，系统头文件一般采用#include <>
   3          
   4          u8 count_20ms,count20ms,task_500ms,task_20ms;
   5          
   6          void timer0_init(void)          //5毫秒@11.0592MHz
   7          {
   8   1              task_500ms = 0;
   9   1              count_20ms = 0;
  10   1      
  11   1              AUXR &= 0x7F;                   //定时器时钟12T模式
  12   1              TMOD &= 0xF0;                   //设置定时器模式
  13   1              TL0 = 0x00;                             //设置定时初始值
  14   1              TH0 = 0xEE;                             //设置定时初始值
  15   1              TF0 = 0;                                //清除TF0标志
  16   1              TR0 = 1;                                //定时器0开始计时
  17   1      
  18   1              ET0 = 1;                        //允许定时器中断
  19   1      }
  20          
  21          void timer0_inter_handler(void) interrupt 1
  22          {
  23   1              count_20ms ++;
  24   1              count20ms=1;
  25   1              if(count_20ms>=25) {
  26   2                      count_20ms = 0;
  27   2                      task_500ms = 1;
  28   2              }
  29   1              task_20ms = 1;
  30   1      
  31   1      }


MODULE INFORMATION:   STATIC OVERLAYABLE
   CODE SIZE        =     76    ----
   CONSTANT SIZE    =   ----    ----
   XDATA SIZE       =      4    ----
   PDATA SIZE       =   ----    ----
   DATA SIZE        =   ----    ----
   IDATA SIZE       =   ----    ----
   BIT SIZE         =   ----    ----
END OF MODULE INFORMATION.


C51 COMPILATION COMPLETE.  0 WARNING(S),  0 ERROR(S)
